<html>
<head>
<title>TestNG:  allTests</title>
<link href="../testng.css" rel="stylesheet" type="text/css" />
<link href="../my-testng.css" rel="stylesheet" type="text/css" />

<style type="text/css">
.log { display: none;} 
.stack-trace { display: none;} 
</style>
<script type="text/javascript">
<!--
function flip(e) {
  current = e.style.display;
  if (current == 'block') {
    e.style.display = 'none';
    return 0;
  }
  else {
    e.style.display = 'block';
    return 1;
  }
}

function toggleBox(szDivId, elem, msg1, msg2)
{
  var res = -1;  if (document.getElementById) {
    res = flip(document.getElementById(szDivId));
  }
  else if (document.all) {
    // this is the way old msie versions work
    res = flip(document.all[szDivId]);
  }
  if(elem) {
    if(res == 0) elem.innerHTML = msg1; else elem.innerHTML = msg2;
  }

}

function toggleAllBoxes() {
  if (document.getElementsByTagName) {
    d = document.getElementsByTagName('div');
    for (i = 0; i < d.length; i++) {
      if (d[i].className == 'log') {
        flip(d[i]);
      }
    }
  }
}

// -->
</script>

</head>
<body>
<h2 align='center'>allTests</h2><table border='1' align="center">
<tr>
<td>Tests passed/Failed/Skipped:</td><td>7/1/0</td>
</tr><tr>
<td>Started on:</td><td>Fri Jan 28 00:11:43 MSK 2022</td>
</tr>
<tr><td>Total time:</td><td>0 seconds (17 ms)</td>
</tr><tr>
<td>Included groups:</td><td></td>
</tr><tr>
<td>Excluded groups:</td><td></td>
</tr>
</table><p/>
<small><i>(Hover the method name to see the test class name)</i></small><p/>
<table width='100%' border='1' class='invocation-failed'>
<tr><td colspan='4' align='center'><b>FAILED TESTS</b></td></tr>
<tr><td><b>Test method</b></td>
<td width="30%"><b>Exception</b></td>
<td width="10%"><b>Time (seconds)</b></td>
<td><b>Instance</b></td>
</tr>
<tr>
<td title='tests.Test1.action1_a()'><b>action1_a</b><br>Test class: tests.Test1</td>
<td><div><pre>org.testng.TestNGException: 
Unsupported type parameter : class java.lang.Object
	at java.base/java.util.ArrayList.forEach(ArrayList.java:1511)
	at Runner.main(Runner.java:34)
... Removed 24 stack frames</pre></div><a href='#' onClick='toggleBox("stack-trace366873404", this, "Click to show all stack frames", "Click to hide stack frames")'>Click to show all stack frames</a>
<div class='stack-trace' id='stack-trace366873404'><pre>org.testng.TestNGException: 
Unsupported type parameter : class java.lang.Object
	at org.testng.internal.PropertyUtils.convertType(PropertyUtils.java:70)
	at org.testng.internal.Parameters.createParams(Parameters.java:270)
	at org.testng.internal.Parameters.createParametersForMethod(Parameters.java:355)
	at org.testng.internal.Parameters.createParameters(Parameters.java:660)
	at org.testng.internal.Parameters.handleParameters(Parameters.java:856)
	at org.testng.internal.Parameters.handleParameters(Parameters.java:704)
	at org.testng.internal.invokers.ParameterHandler.handleParameters(ParameterHandler.java:70)
	at org.testng.internal.invokers.ParameterHandler.createParameters(ParameterHandler.java:49)
	at org.testng.internal.invokers.TestInvoker$MethodInvocationAgent.invoke(TestInvoker.java:904)
	at org.testng.internal.invokers.TestInvoker.invokeTestMethods(TestInvoker.java:193)
	at org.testng.internal.invokers.TestMethodWorker.invokeTestMethods(TestMethodWorker.java:146)
	at org.testng.internal.invokers.TestMethodWorker.run(TestMethodWorker.java:128)
	at java.base/java.util.ArrayList.forEach(ArrayList.java:1511)
	at org.testng.TestRunner.privateRun(TestRunner.java:808)
	at org.testng.TestRunner.run(TestRunner.java:603)
	at org.testng.SuiteRunner.runTest(SuiteRunner.java:429)
	at org.testng.SuiteRunner.runSequentially(SuiteRunner.java:423)
	at org.testng.SuiteRunner.privateRun(SuiteRunner.java:383)
	at org.testng.SuiteRunner.run(SuiteRunner.java:326)
	at org.testng.SuiteRunnerWorker.runSuite(SuiteRunnerWorker.java:52)
	at org.testng.SuiteRunnerWorker.run(SuiteRunnerWorker.java:95)
	at org.testng.TestNG.runSuitesSequentially(TestNG.java:1249)
	at org.testng.TestNG.runSuitesLocally(TestNG.java:1169)
	at org.testng.TestNG.runSuites(TestNG.java:1092)
	at org.testng.TestNG.run(TestNG.java:1060)
	at Runner.main(Runner.java:34)
</pre></div></td>
<td>0</td>
<td>tests.Test1@12468a38</td></tr>
</table><p>
<table width='100%' border='1' class='invocation-passed'>
<tr><td colspan='4' align='center'><b>PASSED TESTS</b></td></tr>
<tr><td><b>Test method</b></td>
<td width="30%"><b>Exception</b></td>
<td width="10%"><b>Time (seconds)</b></td>
<td><b>Instance</b></td>
</tr>
<tr>
<td title='tests.Test2.action2_a()'><b>action2_a</b><br>Test class: tests.Test2<br>Parameters: data3b_1, data3b_2</td>
<td></td>
<td>0</td>
<td>tests.Test2@399f45b1</td></tr>
<tr>
<td title='tests.Test1.action1_b()'><b>action1_b</b><br>Test class: tests.Test1<br>Parameters: data3b_1, data3b_2</td>
<td></td>
<td>0</td>
<td>tests.Test1@12468a38</td></tr>
<tr>
<td title='tests.Test4.action4_a()'><b>action4_a</b><br>Test class: tests.Test4<br>Parameters: data3b_1, data3b_2</td>
<td></td>
<td>0</td>
<td>tests.Test4@478190fc</td></tr>
<tr>
<td title='tests.Test3.action3_a()'><b>action3_a</b><br>Test class: tests.Test3<br>Parameters: data3b_1, data3b_2</td>
<td></td>
<td>0</td>
<td>tests.Test3@38c6f217</td></tr>
<tr>
<td title='tests.Test2.action2_b()'><b>action2_b</b><br>Test class: tests.Test2<br>Parameters: data3b_1, data3b_2</td>
<td></td>
<td>0</td>
<td>tests.Test2@399f45b1</td></tr>
<tr>
<td title='tests.Test4.action4_b()'><b>action4_b</b><br>Test class: tests.Test4<br>Parameters: data3b_1, data3b_2</td>
<td></td>
<td>0</td>
<td>tests.Test4@478190fc</td></tr>
<tr>
<td title='tests.Test3.action3_b()'><b>action3_b</b><br>Test class: tests.Test3<br>Parameters: data3b_1, data3b_2</td>
<td></td>
<td>0</td>
<td>tests.Test3@38c6f217</td></tr>
</table><p>
</body>
</html>